::1 - - [09/Feb/2025:21:54:01 -0700] "GET / HTTP/1.1" 200 83787
::1 - - [09/Feb/2025:21:54:01 -0700] "GET /favicon.ico HTTP/1.1" 404 297
::1 - - [09/Feb/2025:21:56:59 -0700] "GET / HTTP/1.1" 200 45
::1 - - [09/Feb/2025:22:00:00 -0700] "GET / HTTP/1.1" 200 45
::1 - - [09/Feb/2025:22:00:01 -0700] "GET / HTTP/1.1" 200 45
::1 - - [09/Feb/2025:22:00:02 -0700] "GET / HTTP/1.1" 200 45
::1 - - [09/Feb/2025:22:00:02 -0700] "GET / HTTP/1.1" 200 45
::1 - - [09/Feb/2025:22:00:26 -0700] "GET / HTTP/1.1" 200 45
::1 - - [09/Feb/2025:22:00:26 -0700] "GET / HTTP/1.1" 200 45
::1 - - [09/Feb/2025:22:00:27 -0700] "GET / HTTP/1.1" 200 45
::1 - - [09/Feb/2025:22:00:27 -0700] "GET / HTTP/1.1" 200 45
::1 - - [09/Feb/2025:22:00:27 -0700] "GET / HTTP/1.1" 200 45
::1 - - [09/Feb/2025:22:00:27 -0700] "GET / HTTP/1.1" 200 45
::1 - - [09/Feb/2025:22:00:28 -0700] "GET / HTTP/1.1" 200 45
::1 - - [09/Feb/2025:22:00:28 -0700] "GET / HTTP/1.1" 200 45
::1 - - [09/Feb/2025:22:00:28 -0700] "GET / HTTP/1.1" 200 45
::1 - - [09/Feb/2025:22:00:28 -0700] "GET / HTTP/1.1" 200 45
::1 - - [09/Feb/2025:22:00:29 -0700] "GET / HTTP/1.1" 200 45
::1 - - [09/Feb/2025:22:00:29 -0700] "GET / HTTP/1.1" 200 45
::1 - - [09/Feb/2025:22:00:29 -0700] "GET / HTTP/1.1" 200 45
::1 - - [09/Feb/2025:22:00:30 -0700] "GET / HTTP/1.1" 200 45
::1 - - [09/Feb/2025:22:29:21 -0700] "GET / HTTP/1.1" 200 45
::1 - - [09/Feb/2025:22:36:09 -0700] "GET / HTTP/1.1" 200 45
::1 - - [09/Feb/2025:22:36:22 -0700] "GET /main/products HTTP/1.1" 404 297
::1 - - [10/Feb/2025:09:25:32 -0700] "GET / HTTP/1.1" 500 640
::1 - - [10/Feb/2025:09:25:33 -0700] "GET /favicon.ico HTTP/1.1" 500 640
::1 - - [10/Feb/2025:09:25:34 -0700] "GET / HTTP/1.1" 500 640
::1 - - [10/Feb/2025:09:25:34 -0700] "GET /favicon.ico HTTP/1.1" 500 640
::1 - - [10/Feb/2025:09:25:35 -0700] "GET / HTTP/1.1" 500 640
::1 - - [10/Feb/2025:09:25:35 -0700] "GET /favicon.ico HTTP/1.1" 500 640
::1 - - [10/Feb/2025:09:25:44 -0700] "GET / HTTP/1.1" 500 640
::1 - - [10/Feb/2025:09:25:44 -0700] "GET /favicon.ico HTTP/1.1" 500 640
::1 - - [10/Feb/2025:09:25:45 -0700] "GET / HTTP/1.1" 500 640
::1 - - [10/Feb/2025:09:25:45 -0700] "GET /favicon.ico HTTP/1.1" 500 640
::1 - - [10/Feb/2025:09:26:27 -0700] "GET / HTTP/1.1" 500 640
::1 - - [10/Feb/2025:09:26:27 -0700] "GET /favicon.ico HTTP/1.1" 500 640
::1 - - [10/Feb/2025:09:30:41 -0700] "GET / HTTP/1.1" 500 640
::1 - - [10/Feb/2025:09:30:41 -0700] "GET /favicon.ico HTTP/1.1" 500 640
::1 - - [10/Feb/2025:09:30:42 -0700] "GET / HTTP/1.1" 500 640
::1 - - [10/Feb/2025:09:30:42 -0700] "GET /favicon.ico HTTP/1.1" 500 640
::1 - - [10/Feb/2025:09:30:42 -0700] "GET / HTTP/1.1" 500 640
::1 - - [10/Feb/2025:09:30:42 -0700] "GET /favicon.ico HTTP/1.1" 500 640
::1 - - [10/Feb/2025:09:30:42 -0700] "GET / HTTP/1.1" 500 640
::1 - - [10/Feb/2025:09:30:42 -0700] "GET /favicon.ico HTTP/1.1" 500 640
::1 - - [10/Feb/2025:09:30:44 -0700] "GET / HTTP/1.1" 500 640
::1 - - [10/Feb/2025:09:30:44 -0700] "GET /favicon.ico HTTP/1.1" 500 640
::1 - - [10/Feb/2025:09:31:48 -0700] "GET / HTTP/1.1" 500 640
::1 - - [10/Feb/2025:09:31:48 -0700] "GET /favicon.ico HTTP/1.1" 500 640
::1 - - [10/Feb/2025:09:31:49 -0700] "GET / HTTP/1.1" 500 640
::1 - - [10/Feb/2025:09:31:50 -0700] "GET /favicon.ico HTTP/1.1" 500 640
::1 - - [10/Feb/2025:09:31:56 -0700] "GET / HTTP/1.1" 500 640
::1 - - [10/Feb/2025:09:31:56 -0700] "GET /favicon.ico HTTP/1.1" 500 640
::1 - - [10/Feb/2025:09:34:48 -0700] "GET / HTTP/1.1" 200 45
::1 - - [10/Feb/2025:09:34:49 -0700] "GET /favicon.ico HTTP/1.1" 200 45
::1 - - [10/Feb/2025:09:35:26 -0700] "GET / HTTP/1.1" 200 45
::1 - - [10/Feb/2025:09:35:26 -0700] "GET /favicon.ico HTTP/1.1" 200 45
::1 - - [10/Feb/2025:09:38:45 -0700] "GET /main/hi HTTP/1.1" 200 45
::1 - - [10/Feb/2025:09:38:46 -0700] "GET /favicon.ico HTTP/1.1" 200 45
::1 - - [10/Feb/2025:09:39:32 -0700] "GET /css/ HTTP/1.1" 200 765
::1 - - [10/Feb/2025:09:39:32 -0700] "GET /icons/blank.gif HTTP/1.1" 200 148
::1 - - [10/Feb/2025:09:39:32 -0700] "GET /icons/back.gif HTTP/1.1" 200 216
::1 - - [10/Feb/2025:09:39:32 -0700] "GET /favicon.ico HTTP/1.1" 200 12
::1 - - [10/Feb/2025:09:39:39 -0700] "GET /css/style.css HTTP/1.1" 200 14
::1 - - [10/Feb/2025:09:39:40 -0700] "GET /favicon.ico HTTP/1.1" 200 12
::1 - - [10/Feb/2025:09:42:29 -0700] "GET /css/ HTTP/1.1" 200 765
::1 - - [10/Feb/2025:09:42:30 -0700] "GET /favicon.ico HTTP/1.1" 200 -
::1 - - [10/Feb/2025:09:42:33 -0700] "GET / HTTP/1.1" 200 -
::1 - - [10/Feb/2025:09:42:33 -0700] "GET /favicon.ico HTTP/1.1" 200 -
::1 - - [10/Feb/2025:09:42:45 -0700] "GET / HTTP/1.1" 200 9
::1 - - [10/Feb/2025:09:42:46 -0700] "GET /favicon.ico HTTP/1.1" 200 9
::1 - - [10/Feb/2025:09:44:15 -0700] "GET / HTTP/1.1" 200 5
::1 - - [10/Feb/2025:09:44:15 -0700] "GET /favicon.ico HTTP/1.1" 200 5
::1 - - [10/Feb/2025:09:44:16 -0700] "GET / HTTP/1.1" 200 5
::1 - - [10/Feb/2025:09:44:16 -0700] "GET /favicon.ico HTTP/1.1" 200 5
::1 - - [10/Feb/2025:09:44:16 -0700] "GET / HTTP/1.1" 200 5
::1 - - [10/Feb/2025:09:44:16 -0700] "GET /favicon.ico HTTP/1.1" 200 5
::1 - - [10/Feb/2025:09:48:17 -0700] "GET / HTTP/1.1" 200 39
::1 - - [10/Feb/2025:09:48:17 -0700] "GET /favicon.ico HTTP/1.1" 200 39
::1 - - [10/Feb/2025:09:48:58 -0700] "GET / HTTP/1.1" 200 199
::1 - - [10/Feb/2025:09:48:59 -0700] "GET /favicon.ico HTTP/1.1" 200 199
::1 - - [10/Feb/2025:09:49:13 -0700] "GET / HTTP/1.1" 200 55
::1 - - [10/Feb/2025:09:49:13 -0700] "GET /favicon.ico HTTP/1.1" 200 55
::1 - - [10/Feb/2025:09:51:43 -0700] "GET /most HTTP/1.1" 200 21
::1 - - [10/Feb/2025:09:51:43 -0700] "GET /favicon.ico HTTP/1.1" 200 21
::1 - - [10/Feb/2025:09:51:45 -0700] "GET / HTTP/1.1" 200 21
::1 - - [10/Feb/2025:09:51:45 -0700] "GET /favicon.ico HTTP/1.1" 200 21
::1 - - [10/Feb/2025:09:57:34 -0700] "GET / HTTP/1.1" 200 272
::1 - - [10/Feb/2025:09:57:34 -0700] "GET /favicon.ico HTTP/1.1" 200 272
::1 - - [10/Feb/2025:09:59:33 -0700] "GET / HTTP/1.1" 200 228
::1 - - [10/Feb/2025:09:59:33 -0700] "GET /favicon.ico HTTP/1.1" 200 228
::1 - - [10/Feb/2025:10:00:33 -0700] "GET / HTTP/1.1" 200 247
::1 - - [10/Feb/2025:10:00:34 -0700] "GET /favicon.ico HTTP/1.1" 200 247
::1 - - [10/Feb/2025:10:00:34 -0700] "GET / HTTP/1.1" 200 247
::1 - - [10/Feb/2025:10:00:34 -0700] "GET /favicon.ico HTTP/1.1" 200 247
::1 - - [10/Feb/2025:10:00:34 -0700] "GET / HTTP/1.1" 200 247
::1 - - [10/Feb/2025:10:00:35 -0700] "GET /favicon.ico HTTP/1.1" 200 247
::1 - - [10/Feb/2025:10:10:52 -0700] "GET / HTTP/1.1" 200 397
::1 - - [10/Feb/2025:10:10:52 -0700] "GET /favicon.ico HTTP/1.1" 200 397
::1 - - [10/Feb/2025:10:10:53 -0700] "GET / HTTP/1.1" 200 397
::1 - - [10/Feb/2025:10:10:53 -0700] "GET /favicon.ico HTTP/1.1" 200 397
::1 - - [10/Feb/2025:10:10:53 -0700] "GET / HTTP/1.1" 200 397
::1 - - [10/Feb/2025:10:10:53 -0700] "GET /favicon.ico HTTP/1.1" 200 397
::1 - - [10/Feb/2025:10:11:11 -0700] "GET / HTTP/1.1" 200 632
::1 - - [10/Feb/2025:10:11:11 -0700] "GET /favicon.ico HTTP/1.1" 200 632
::1 - - [10/Feb/2025:10:11:54 -0700] "GET / HTTP/1.1" 200 633
::1 - - [10/Feb/2025:10:11:55 -0700] "GET /favicon.ico HTTP/1.1" 200 633
::1 - - [10/Feb/2025:10:11:55 -0700] "GET / HTTP/1.1" 200 633
::1 - - [10/Feb/2025:10:11:55 -0700] "GET /favicon.ico HTTP/1.1" 200 633
::1 - - [10/Feb/2025:10:11:55 -0700] "GET / HTTP/1.1" 200 633
::1 - - [10/Feb/2025:10:11:55 -0700] "GET /favicon.ico HTTP/1.1" 200 633
::1 - - [10/Feb/2025:10:11:55 -0700] "GET / HTTP/1.1" 200 633
::1 - - [10/Feb/2025:10:11:55 -0700] "GET /favicon.ico HTTP/1.1" 200 633
::1 - - [10/Feb/2025:10:11:56 -0700] "GET / HTTP/1.1" 200 633
::1 - - [10/Feb/2025:10:11:56 -0700] "GET /favicon.ico HTTP/1.1" 200 633
::1 - - [10/Feb/2025:10:12:24 -0700] "GET / HTTP/1.1" 200 247
::1 - - [10/Feb/2025:10:12:24 -0700] "GET /favicon.ico HTTP/1.1" 200 247
::1 - - [10/Feb/2025:10:12:39 -0700] "GET / HTTP/1.1" 200 256
::1 - - [10/Feb/2025:10:12:39 -0700] "GET /favicon.ico HTTP/1.1" 200 256
::1 - - [10/Feb/2025:10:13:14 -0700] "GET / HTTP/1.1" 200 261
::1 - - [10/Feb/2025:10:13:14 -0700] "GET /favicon.ico HTTP/1.1" 200 261
::1 - - [10/Feb/2025:10:15:29 -0700] "GET / HTTP/1.1" 200 388
::1 - - [10/Feb/2025:10:15:29 -0700] "GET /favicon.ico HTTP/1.1" 200 388
::1 - - [10/Feb/2025:10:15:39 -0700] "GET /most/blog=133 HTTP/1.1" 200 388
::1 - - [10/Feb/2025:10:15:39 -0700] "GET /favicon.ico HTTP/1.1" 200 388
::1 - - [10/Feb/2025:10:15:41 -0700] "GET /most/blog=133 HTTP/1.1" 200 388
::1 - - [10/Feb/2025:10:15:41 -0700] "GET /favicon.ico HTTP/1.1" 200 388
::1 - - [10/Feb/2025:10:16:13 -0700] "GET /most/blog=133 HTTP/1.1" 200 49
::1 - - [10/Feb/2025:10:16:13 -0700] "GET /favicon.ico HTTP/1.1" 200 47
::1 - - [10/Feb/2025:10:34:15 -0700] "GET /most/blog=133 HTTP/1.1" 200 68
::1 - - [10/Feb/2025:10:34:15 -0700] "GET /favicon.ico HTTP/1.1" 200 66
::1 - - [10/Feb/2025:10:36:14 -0700] "GET /most/blog=133 HTTP/1.1" 200 116
::1 - - [10/Feb/2025:10:36:14 -0700] "GET /favicon.ico HTTP/1.1" 200 114
::1 - - [10/Feb/2025:10:43:18 -0700] "GET /most/blog=133 HTTP/1.1" 200 135
::1 - - [10/Feb/2025:10:43:18 -0700] "GET /favicon.ico HTTP/1.1" 200 133
