[Mon Feb 10 09:25:32.617764 2025] [core:alert] [pid 9548:tid 1968] [client ::1:58593] A:/codely/www/.htaccess: RewriteCond: bad flag delimiters
[Mon Feb 10 09:25:33.020796 2025] [core:alert] [pid 9548:tid 1956] [client ::1:58594] A:/codely/www/.htaccess: RewriteCond: bad flag delimiters, referer: http://codely.test/
[Mon Feb 10 09:25:34.458965 2025] [core:alert] [pid 9548:tid 1956] [client ::1:58599] A:/codely/www/.htaccess: RewriteCond: bad flag delimiters
[Mon Feb 10 09:25:34.540329 2025] [core:alert] [pid 9548:tid 1968] [client ::1:58600] A:/codely/www/.htaccess: RewriteCond: bad flag delimiters, referer: http://codely.test/
[Mon Feb 10 09:25:35.907375 2025] [core:alert] [pid 9548:tid 1968] [client ::1:58603] A:/codely/www/.htaccess: RewriteCond: bad flag delimiters
[Mon Feb 10 09:25:35.991661 2025] [core:alert] [pid 9548:tid 1956] [client ::1:58604] A:/codely/www/.htaccess: RewriteCond: bad flag delimiters, referer: http://codely.test/
[Mon Feb 10 09:25:44.784068 2025] [core:alert] [pid 9548:tid 1956] [client ::1:58608] A:/codely/www/.htaccess: RewriteCond: bad flag delimiters
[Mon Feb 10 09:25:44.857855 2025] [core:alert] [pid 9548:tid 1968] [client ::1:58609] A:/codely/www/.htaccess: RewriteCond: bad flag delimiters, referer: http://codely.test/
[Mon Feb 10 09:25:45.715652 2025] [core:alert] [pid 9548:tid 1968] [client ::1:58610] A:/codely/www/.htaccess: RewriteCond: bad flag delimiters
[Mon Feb 10 09:25:45.800359 2025] [core:alert] [pid 9548:tid 1956] [client ::1:58611] A:/codely/www/.htaccess: RewriteCond: bad flag delimiters, referer: http://codely.test/
[Mon Feb 10 09:26:27.889078 2025] [core:alert] [pid 9548:tid 1956] [client ::1:58615] A:/codely/www/.htaccess: RewriteCond: bad flag delimiters
[Mon Feb 10 09:26:27.977899 2025] [core:alert] [pid 9548:tid 1968] [client ::1:58616] A:/codely/www/.htaccess: RewriteCond: bad flag delimiters, referer: http://codely.test/
[Mon Feb 10 09:30:41.236553 2025] [core:alert] [pid 9548:tid 1968] [client ::1:58990] A:/codely/www/.htaccess: RewriteCond: bad flag delimiters
[Mon Feb 10 09:30:41.356465 2025] [core:alert] [pid 9548:tid 1968] [client ::1:58991] A:/codely/www/.htaccess: RewriteCond: bad flag delimiters, referer: http://codely.test/
[Mon Feb 10 09:30:42.207661 2025] [core:alert] [pid 9548:tid 1956] [client ::1:58992] A:/codely/www/.htaccess: RewriteCond: bad flag delimiters
[Mon Feb 10 09:30:42.300263 2025] [core:alert] [pid 9548:tid 1968] [client ::1:58996] A:/codely/www/.htaccess: RewriteCond: bad flag delimiters, referer: http://codely.test/
[Mon Feb 10 09:30:42.389944 2025] [core:alert] [pid 9548:tid 1968] [client ::1:59000] A:/codely/www/.htaccess: RewriteCond: bad flag delimiters
[Mon Feb 10 09:30:42.471003 2025] [core:alert] [pid 9548:tid 1956] [client ::1:59001] A:/codely/www/.htaccess: RewriteCond: bad flag delimiters, referer: http://codely.test/
[Mon Feb 10 09:30:42.562576 2025] [core:alert] [pid 9548:tid 1956] [client ::1:59002] A:/codely/www/.htaccess: RewriteCond: bad flag delimiters
[Mon Feb 10 09:30:42.656382 2025] [core:alert] [pid 9548:tid 1956] [client ::1:59003] A:/codely/www/.htaccess: RewriteCond: bad flag delimiters, referer: http://codely.test/
[Mon Feb 10 09:30:44.857202 2025] [core:alert] [pid 9548:tid 1968] [client ::1:59004] A:/codely/www/.htaccess: RewriteCond: bad flag delimiters
[Mon Feb 10 09:30:44.968179 2025] [core:alert] [pid 9548:tid 1956] [client ::1:59008] A:/codely/www/.htaccess: RewriteCond: bad flag delimiters, referer: http://codely.test/
[Mon Feb 10 09:31:48.246725 2025] [core:alert] [pid 15212:tid 1956] [client ::1:59029] A:/codely/www/.htaccess: RewriteCond: bad flag delimiters
[Mon Feb 10 09:31:48.377428 2025] [core:alert] [pid 15212:tid 1952] [client ::1:59030] A:/codely/www/.htaccess: RewriteCond: bad flag delimiters, referer: http://codely.test/
[Mon Feb 10 09:31:49.911868 2025] [core:alert] [pid 15212:tid 1952] [client ::1:59037] A:/codely/www/.htaccess: RewriteCond: bad flag delimiters
[Mon Feb 10 09:31:50.002892 2025] [core:alert] [pid 15212:tid 1952] [client ::1:59038] A:/codely/www/.htaccess: RewriteCond: bad flag delimiters, referer: http://codely.test/
[Mon Feb 10 09:31:56.201680 2025] [core:alert] [pid 15212:tid 1956] [client ::1:59039] A:/codely/www/.htaccess: RewriteCond: bad flag delimiters
[Mon Feb 10 09:31:56.679666 2025] [core:alert] [pid 15212:tid 1956] [client ::1:59061] A:/codely/www/.htaccess: RewriteCond: bad flag delimiters, referer: http://codely.test/
[Mon Feb 10 09:48:59.012436 2025] [php:error] [pid 15212:tid 1952] [client ::1:59672] PHP Parse error:  syntax error, unexpected token "echo", expecting "function" or "const" in A:\\codely\\lib\\router.class.php on line 10
[Mon Feb 10 09:48:59.131665 2025] [php:error] [pid 15212:tid 1952] [client ::1:59672] PHP Parse error:  syntax error, unexpected token "echo", expecting "function" or "const" in A:\\codely\\lib\\router.class.php on line 10, referer: http://codely.test/
[Mon Feb 10 09:57:34.220871 2025] [php:error] [pid 15212:tid 1956] [client ::1:59885] PHP Fatal error:  Uncaught Exception: The file does not exist. in A:\\codely\\lib\\init.php:14\nStack trace:\n#0 A:\\codely\\www\\index.php(21): {closure}('PostController')\n#1 {main}\n  thrown in A:\\codely\\lib\\init.php on line 14
[Mon Feb 10 09:57:34.336189 2025] [php:error] [pid 15212:tid 1956] [client ::1:59885] PHP Fatal error:  Uncaught Exception: The file does not exist. in A:\\codely\\lib\\init.php:14\nStack trace:\n#0 A:\\codely\\www\\index.php(21): {closure}('PostController')\n#1 {main}\n  thrown in A:\\codely\\lib\\init.php on line 14, referer: http://codely.test/
[Mon Feb 10 09:59:33.392968 2025] [php:error] [pid 15212:tid 1952] [client ::1:59915] PHP Fatal error:  Uncaught Error: Class "PostController" not found in A:\\codely\\www\\index.php:21\nStack trace:\n#0 {main}\n  thrown in A:\\codely\\www\\index.php on line 21
[Mon Feb 10 09:59:33.491500 2025] [php:error] [pid 15212:tid 1952] [client ::1:59915] PHP Fatal error:  Uncaught Error: Class "PostController" not found in A:\\codely\\www\\index.php:21\nStack trace:\n#0 {main}\n  thrown in A:\\codely\\www\\index.php on line 21, referer: http://codely.test/
[Mon Feb 10 10:00:33.937132 2025] [php:error] [pid 15212:tid 1952] [client ::1:59943] PHP Fatal error:  Uncaught Error: Class "PostController" not found in A:\\codely\\www\\index.php:21\nStack trace:\n#0 {main}\n  thrown in A:\\codely\\www\\index.php on line 21
[Mon Feb 10 10:00:34.087215 2025] [php:error] [pid 15212:tid 1952] [client ::1:59943] PHP Fatal error:  Uncaught Error: Class "PostController" not found in A:\\codely\\www\\index.php:21\nStack trace:\n#0 {main}\n  thrown in A:\\codely\\www\\index.php on line 21, referer: http://codely.test/
[Mon Feb 10 10:00:34.792047 2025] [php:error] [pid 15212:tid 1952] [client ::1:59943] PHP Fatal error:  Uncaught Error: Class "PostController" not found in A:\\codely\\www\\index.php:21\nStack trace:\n#0 {main}\n  thrown in A:\\codely\\www\\index.php on line 21
[Mon Feb 10 10:00:34.884306 2025] [php:error] [pid 15212:tid 1952] [client ::1:59943] PHP Fatal error:  Uncaught Error: Class "PostController" not found in A:\\codely\\www\\index.php:21\nStack trace:\n#0 {main}\n  thrown in A:\\codely\\www\\index.php on line 21, referer: http://codely.test/
[Mon Feb 10 10:00:34.992000 2025] [php:error] [pid 15212:tid 1952] [client ::1:59943] PHP Fatal error:  Uncaught Error: Class "PostController" not found in A:\\codely\\www\\index.php:21\nStack trace:\n#0 {main}\n  thrown in A:\\codely\\www\\index.php on line 21
[Mon Feb 10 10:00:35.083858 2025] [php:error] [pid 15212:tid 1952] [client ::1:59943] PHP Fatal error:  Uncaught Error: Class "PostController" not found in A:\\codely\\www\\index.php:21\nStack trace:\n#0 {main}\n  thrown in A:\\codely\\www\\index.php on line 21, referer: http://codely.test/
[Mon Feb 10 10:10:52.646636 2025] [php:error] [pid 15212:tid 1956] [client ::1:60172] PHP Fatal error:  Uncaught Exception: The file does not exist. in A:\\codely\\lib\\init.php:21\nStack trace:\n#0 A:\\codely\\config\\config.php(5): {closure}('pspell\\\\config')\n#1 A:\\codely\\lib\\init.php(25): require_once('A:\\\\codely\\\\confi...')\n#2 A:\\codely\\www\\index.php(18): require_once('A:\\\\codely\\\\lib\\\\i...')\n#3 {main}\n  thrown in A:\\codely\\lib\\init.php on line 21
[Mon Feb 10 10:10:52.782723 2025] [php:error] [pid 15212:tid 1956] [client ::1:60172] PHP Fatal error:  Uncaught Exception: The file does not exist. in A:\\codely\\lib\\init.php:21\nStack trace:\n#0 A:\\codely\\config\\config.php(5): {closure}('pspell\\\\config')\n#1 A:\\codely\\lib\\init.php(25): require_once('A:\\\\codely\\\\confi...')\n#2 A:\\codely\\www\\index.php(18): require_once('A:\\\\codely\\\\lib\\\\i...')\n#3 {main}\n  thrown in A:\\codely\\lib\\init.php on line 21, referer: http://codely.test/
[Mon Feb 10 10:10:53.665557 2025] [php:error] [pid 15212:tid 1956] [client ::1:60172] PHP Fatal error:  Uncaught Exception: The file does not exist. in A:\\codely\\lib\\init.php:21\nStack trace:\n#0 A:\\codely\\config\\config.php(5): {closure}('pspell\\\\config')\n#1 A:\\codely\\lib\\init.php(25): require_once('A:\\\\codely\\\\confi...')\n#2 A:\\codely\\www\\index.php(18): require_once('A:\\\\codely\\\\lib\\\\i...')\n#3 {main}\n  thrown in A:\\codely\\lib\\init.php on line 21
[Mon Feb 10 10:10:53.776311 2025] [php:error] [pid 15212:tid 1956] [client ::1:60172] PHP Fatal error:  Uncaught Exception: The file does not exist. in A:\\codely\\lib\\init.php:21\nStack trace:\n#0 A:\\codely\\config\\config.php(5): {closure}('pspell\\\\config')\n#1 A:\\codely\\lib\\init.php(25): require_once('A:\\\\codely\\\\confi...')\n#2 A:\\codely\\www\\index.php(18): require_once('A:\\\\codely\\\\lib\\\\i...')\n#3 {main}\n  thrown in A:\\codely\\lib\\init.php on line 21, referer: http://codely.test/
[Mon Feb 10 10:10:53.854219 2025] [php:error] [pid 15212:tid 1956] [client ::1:60172] PHP Fatal error:  Uncaught Exception: The file does not exist. in A:\\codely\\lib\\init.php:21\nStack trace:\n#0 A:\\codely\\config\\config.php(5): {closure}('pspell\\\\config')\n#1 A:\\codely\\lib\\init.php(25): require_once('A:\\\\codely\\\\confi...')\n#2 A:\\codely\\www\\index.php(18): require_once('A:\\\\codely\\\\lib\\\\i...')\n#3 {main}\n  thrown in A:\\codely\\lib\\init.php on line 21
[Mon Feb 10 10:10:53.954949 2025] [php:error] [pid 15212:tid 1956] [client ::1:60172] PHP Fatal error:  Uncaught Exception: The file does not exist. in A:\\codely\\lib\\init.php:21\nStack trace:\n#0 A:\\codely\\config\\config.php(5): {closure}('pspell\\\\config')\n#1 A:\\codely\\lib\\init.php(25): require_once('A:\\\\codely\\\\confi...')\n#2 A:\\codely\\www\\index.php(18): require_once('A:\\\\codely\\\\lib\\\\i...')\n#3 {main}\n  thrown in A:\\codely\\lib\\init.php on line 21, referer: http://codely.test/
[Mon Feb 10 10:11:11.572051 2025] [php:error] [pid 15212:tid 1952] [client ::1:60173] PHP Fatal error:  Uncaught Error: Class "Config" not found in A:\\codely\\config\\config.php:5\nStack trace:\n#0 A:\\codely\\lib\\init.php(25): require_once()\n#1 A:\\codely\\www\\index.php(18): require_once('A:\\\\codely\\\\lib\\\\i...')\n#2 {main}\n  thrown in A:\\codely\\config\\config.php on line 5
[Mon Feb 10 10:11:11.656425 2025] [php:error] [pid 15212:tid 1952] [client ::1:60173] PHP Fatal error:  Uncaught Error: Class "Config" not found in A:\\codely\\config\\config.php:5\nStack trace:\n#0 A:\\codely\\lib\\init.php(25): require_once()\n#1 A:\\codely\\www\\index.php(18): require_once('A:\\\\codely\\\\lib\\\\i...')\n#2 {main}\n  thrown in A:\\codely\\config\\config.php on line 5, referer: http://codely.test/
[Mon Feb 10 10:11:54.878748 2025] [php:error] [pid 15212:tid 1956] [client ::1:60192] PHP Fatal error:  Uncaught Error: Class "Config" not found in A:\\codely\\config\\config.php:5\nStack trace:\n#0 A:\\codely\\lib\\init.php(25): require_once()\n#1 A:\\codely\\www\\index.php(18): require_once('A:\\\\codely\\\\lib\\\\i...')\n#2 {main}\n  thrown in A:\\codely\\config\\config.php on line 5
[Mon Feb 10 10:11:55.013304 2025] [php:error] [pid 15212:tid 1956] [client ::1:60192] PHP Fatal error:  Uncaught Error: Class "Config" not found in A:\\codely\\config\\config.php:5\nStack trace:\n#0 A:\\codely\\lib\\init.php(25): require_once()\n#1 A:\\codely\\www\\index.php(18): require_once('A:\\\\codely\\\\lib\\\\i...')\n#2 {main}\n  thrown in A:\\codely\\config\\config.php on line 5, referer: http://codely.test/
[Mon Feb 10 10:11:55.565500 2025] [php:error] [pid 15212:tid 1956] [client ::1:60192] PHP Fatal error:  Uncaught Error: Class "Config" not found in A:\\codely\\config\\config.php:5\nStack trace:\n#0 A:\\codely\\lib\\init.php(25): require_once()\n#1 A:\\codely\\www\\index.php(18): require_once('A:\\\\codely\\\\lib\\\\i...')\n#2 {main}\n  thrown in A:\\codely\\config\\config.php on line 5
[Mon Feb 10 10:11:55.678878 2025] [php:error] [pid 15212:tid 1956] [client ::1:60192] PHP Fatal error:  Uncaught Error: Class "Config" not found in A:\\codely\\config\\config.php:5\nStack trace:\n#0 A:\\codely\\lib\\init.php(25): require_once()\n#1 A:\\codely\\www\\index.php(18): require_once('A:\\\\codely\\\\lib\\\\i...')\n#2 {main}\n  thrown in A:\\codely\\config\\config.php on line 5, referer: http://codely.test/
[Mon Feb 10 10:11:55.727978 2025] [php:error] [pid 15212:tid 1956] [client ::1:60192] PHP Fatal error:  Uncaught Error: Class "Config" not found in A:\\codely\\config\\config.php:5\nStack trace:\n#0 A:\\codely\\lib\\init.php(25): require_once()\n#1 A:\\codely\\www\\index.php(18): require_once('A:\\\\codely\\\\lib\\\\i...')\n#2 {main}\n  thrown in A:\\codely\\config\\config.php on line 5
[Mon Feb 10 10:11:55.833416 2025] [php:error] [pid 15212:tid 1956] [client ::1:60192] PHP Fatal error:  Uncaught Error: Class "Config" not found in A:\\codely\\config\\config.php:5\nStack trace:\n#0 A:\\codely\\lib\\init.php(25): require_once()\n#1 A:\\codely\\www\\index.php(18): require_once('A:\\\\codely\\\\lib\\\\i...')\n#2 {main}\n  thrown in A:\\codely\\config\\config.php on line 5, referer: http://codely.test/
[Mon Feb 10 10:11:55.903515 2025] [php:error] [pid 15212:tid 1956] [client ::1:60192] PHP Fatal error:  Uncaught Error: Class "Config" not found in A:\\codely\\config\\config.php:5\nStack trace:\n#0 A:\\codely\\lib\\init.php(25): require_once()\n#1 A:\\codely\\www\\index.php(18): require_once('A:\\\\codely\\\\lib\\\\i...')\n#2 {main}\n  thrown in A:\\codely\\config\\config.php on line 5
[Mon Feb 10 10:11:55.973120 2025] [php:error] [pid 15212:tid 1956] [client ::1:60192] PHP Fatal error:  Uncaught Error: Class "Config" not found in A:\\codely\\config\\config.php:5\nStack trace:\n#0 A:\\codely\\lib\\init.php(25): require_once()\n#1 A:\\codely\\www\\index.php(18): require_once('A:\\\\codely\\\\lib\\\\i...')\n#2 {main}\n  thrown in A:\\codely\\config\\config.php on line 5, referer: http://codely.test/
[Mon Feb 10 10:11:56.078958 2025] [php:error] [pid 15212:tid 1956] [client ::1:60192] PHP Fatal error:  Uncaught Error: Class "Config" not found in A:\\codely\\config\\config.php:5\nStack trace:\n#0 A:\\codely\\lib\\init.php(25): require_once()\n#1 A:\\codely\\www\\index.php(18): require_once('A:\\\\codely\\\\lib\\\\i...')\n#2 {main}\n  thrown in A:\\codely\\config\\config.php on line 5
[Mon Feb 10 10:11:56.161462 2025] [php:error] [pid 15212:tid 1956] [client ::1:60192] PHP Fatal error:  Uncaught Error: Class "Config" not found in A:\\codely\\config\\config.php:5\nStack trace:\n#0 A:\\codely\\lib\\init.php(25): require_once()\n#1 A:\\codely\\www\\index.php(18): require_once('A:\\\\codely\\\\lib\\\\i...')\n#2 {main}\n  thrown in A:\\codely\\config\\config.php on line 5, referer: http://codely.test/
[Mon Feb 10 10:12:24.843239 2025] [php:error] [pid 15212:tid 1952] [client ::1:60200] PHP Fatal error:  Uncaught Error: Class "PostController" not found in A:\\codely\\www\\index.php:21\nStack trace:\n#0 {main}\n  thrown in A:\\codely\\www\\index.php on line 21
[Mon Feb 10 10:12:24.943389 2025] [php:error] [pid 15212:tid 1952] [client ::1:60200] PHP Fatal error:  Uncaught Error: Class "PostController" not found in A:\\codely\\www\\index.php:21\nStack trace:\n#0 {main}\n  thrown in A:\\codely\\www\\index.php on line 21, referer: http://codely.test/
[Mon Feb 10 10:12:39.644386 2025] [php:error] [pid 15212:tid 1956] [client ::1:60214] PHP Fatal error:  Uncaught Error: Class "PostController" not found in A:\\codely\\www\\index.php:21\nStack trace:\n#0 {main}\n  thrown in A:\\codely\\www\\index.php on line 21
[Mon Feb 10 10:12:39.764652 2025] [php:error] [pid 15212:tid 1956] [client ::1:60214] PHP Fatal error:  Uncaught Error: Class "PostController" not found in A:\\codely\\www\\index.php:21\nStack trace:\n#0 {main}\n  thrown in A:\\codely\\www\\index.php on line 21, referer: http://codely.test/
[Mon Feb 10 10:13:14.102115 2025] [php:error] [pid 15212:tid 1952] [client ::1:60215] PHP Fatal error:  Uncaught Error: Class "PostController" not found in A:\\codely\\www\\index.php:21\nStack trace:\n#0 {main}\n  thrown in A:\\codely\\www\\index.php on line 21
[Mon Feb 10 10:13:14.211917 2025] [php:error] [pid 15212:tid 1952] [client ::1:60215] PHP Fatal error:  Uncaught Error: Class "PostController" not found in A:\\codely\\www\\index.php:21\nStack trace:\n#0 {main}\n  thrown in A:\\codely\\www\\index.php on line 21, referer: http://codely.test/
[Mon Feb 10 10:15:29.139463 2025] [php:error] [pid 15212:tid 1956] [client ::1:60267] PHP Fatal error:  Uncaught ArgumentCountError: Too few arguments to function Router::__construct(), 0 passed in A:\\codely\\www\\index.php on line 20 and exactly 1 expected in A:\\codely\\lib\\router.class.php:6\nStack trace:\n#0 A:\\codely\\www\\index.php(20): Router->__construct()\n#1 {main}\n  thrown in A:\\codely\\lib\\router.class.php on line 6
[Mon Feb 10 10:15:29.262343 2025] [php:error] [pid 15212:tid 1956] [client ::1:60267] PHP Fatal error:  Uncaught ArgumentCountError: Too few arguments to function Router::__construct(), 0 passed in A:\\codely\\www\\index.php on line 20 and exactly 1 expected in A:\\codely\\lib\\router.class.php:6\nStack trace:\n#0 A:\\codely\\www\\index.php(20): Router->__construct()\n#1 {main}\n  thrown in A:\\codely\\lib\\router.class.php on line 6, referer: http://codely.test/
[Mon Feb 10 10:15:39.634695 2025] [php:error] [pid 15212:tid 1952] [client ::1:60268] PHP Fatal error:  Uncaught ArgumentCountError: Too few arguments to function Router::__construct(), 0 passed in A:\\codely\\www\\index.php on line 20 and exactly 1 expected in A:\\codely\\lib\\router.class.php:6\nStack trace:\n#0 A:\\codely\\www\\index.php(20): Router->__construct()\n#1 {main}\n  thrown in A:\\codely\\lib\\router.class.php on line 6
[Mon Feb 10 10:15:39.756018 2025] [php:error] [pid 15212:tid 1952] [client ::1:60268] PHP Fatal error:  Uncaught ArgumentCountError: Too few arguments to function Router::__construct(), 0 passed in A:\\codely\\www\\index.php on line 20 and exactly 1 expected in A:\\codely\\lib\\router.class.php:6\nStack trace:\n#0 A:\\codely\\www\\index.php(20): Router->__construct()\n#1 {main}\n  thrown in A:\\codely\\lib\\router.class.php on line 6, referer: http://codely.test/most/blog=133
[Mon Feb 10 10:15:41.443150 2025] [php:error] [pid 15212:tid 1952] [client ::1:60268] PHP Fatal error:  Uncaught ArgumentCountError: Too few arguments to function Router::__construct(), 0 passed in A:\\codely\\www\\index.php on line 20 and exactly 1 expected in A:\\codely\\lib\\router.class.php:6\nStack trace:\n#0 A:\\codely\\www\\index.php(20): Router->__construct()\n#1 {main}\n  thrown in A:\\codely\\lib\\router.class.php on line 6
[Mon Feb 10 10:15:41.529354 2025] [php:error] [pid 15212:tid 1952] [client ::1:60268] PHP Fatal error:  Uncaught ArgumentCountError: Too few arguments to function Router::__construct(), 0 passed in A:\\codely\\www\\index.php on line 20 and exactly 1 expected in A:\\codely\\lib\\router.class.php:6\nStack trace:\n#0 A:\\codely\\www\\index.php(20): Router->__construct()\n#1 {main}\n  thrown in A:\\codely\\lib\\router.class.php on line 6, referer: http://codely.test/most/blog=133
[Mon Feb 10 10:56:07.392844 2025] [php:warn] [pid 15212:tid 1952] [client ::1:61115] PHP Warning:  Undefined property: Router::$/admin/products/show/12/54/blabla?id=12 in A:\\codely\\lib\\router.class.php on line 28
[Mon Feb 10 10:56:07.518897 2025] [php:warn] [pid 15212:tid 1952] [client ::1:61115] PHP Warning:  Undefined property: Router::$/favicon.ico in A:\\codely\\lib\\router.class.php on line 28, referer: http://codely.test/admin/products/show/12/54/blabla?id=12
[Mon Feb 10 11:00:06.222195 2025] [php:warn] [pid 15212:tid 1952] [client ::1:61340] PHP Warning:  Array to string conversion in A:\\codely\\www\\index.php on line 26, referer: http://codely.test/admin/products/show/12/54/blabla?id=12
[Mon Feb 10 11:16:36.362181 2025] [php:warn] [pid 15212:tid 1952] [client ::1:61698] PHP Warning:  Array to string conversion in A:\\codely\\www\\index.php on line 26
[Mon Feb 10 11:16:36.507861 2025] [php:warn] [pid 15212:tid 1952] [client ::1:61698] PHP Warning:  Array to string conversion in A:\\codely\\www\\index.php on line 26, referer: http://codely.test/admin/products/show/12/54/blabla?id=12
[Mon Feb 10 11:20:16.124026 2025] [php:warn] [pid 15212:tid 1956] [client ::1:61844] PHP Warning:  Array to string conversion in A:\\codely\\www\\index.php on line 26
[Mon Feb 10 11:20:16.235465 2025] [php:warn] [pid 15212:tid 1956] [client ::1:61844] PHP Warning:  Array to string conversion in A:\\codely\\www\\index.php on line 26, referer: http://codely.test/admin/products/show/12/54/blabla?id=12
[Mon Feb 10 11:20:34.708706 2025] [php:warn] [pid 15212:tid 1952] [client ::1:61845] PHP Warning:  Array to string conversion in A:\\codely\\www\\index.php on line 26
[Mon Feb 10 11:20:34.821019 2025] [php:warn] [pid 15212:tid 1952] [client ::1:61845] PHP Warning:  Array to string conversion in A:\\codely\\www\\index.php on line 26, referer: http://codely.test/admin/products/show/12/54/blabla?id=12
[Mon Feb 10 11:22:23.929149 2025] [php:error] [pid 15212:tid 1956] [client ::1:61936] PHP Parse error:  syntax error, unexpected identifier "print_r" in A:\\codely\\www\\index.php on line 27
[Mon Feb 10 11:22:24.024938 2025] [php:error] [pid 15212:tid 1956] [client ::1:61936] PHP Parse error:  syntax error, unexpected identifier "print_r" in A:\\codely\\www\\index.php on line 27, referer: http://codely.test/admin/products/show/12/54/blabla?id=12
[Mon Feb 10 11:22:51.333286 2025] [php:warn] [pid 15212:tid 1952] [client ::1:61937] PHP Warning:  Array to string conversion in A:\\codely\\www\\index.php on line 26
[Mon Feb 10 11:22:51.434123 2025] [php:warn] [pid 15212:tid 1952] [client ::1:61937] PHP Warning:  Array to string conversion in A:\\codely\\www\\index.php on line 26, referer: http://codely.test/admin/products/show/12/54/blabla?id=12
[Mon Feb 10 11:25:22.744355 2025] [php:warn] [pid 15212:tid 1956] [client ::1:62200] PHP Warning:  Array to string conversion in A:\\codely\\www\\index.php on line 26
[Mon Feb 10 11:25:22.855177 2025] [php:warn] [pid 15212:tid 1956] [client ::1:62200] PHP Warning:  Array to string conversion in A:\\codely\\www\\index.php on line 26, referer: http://codely.test/admin/products/show/12/54/blabla?id=12
[Mon Feb 10 11:25:23.969086 2025] [php:warn] [pid 15212:tid 1956] [client ::1:62200] PHP Warning:  Array to string conversion in A:\\codely\\www\\index.php on line 26
[Mon Feb 10 11:25:24.065477 2025] [php:warn] [pid 15212:tid 1956] [client ::1:62200] PHP Warning:  Array to string conversion in A:\\codely\\www\\index.php on line 26, referer: http://codely.test/admin/products/show/12/54/blabla?id=12
[Mon Feb 10 11:25:24.145768 2025] [php:warn] [pid 15212:tid 1956] [client ::1:62200] PHP Warning:  Array to string conversion in A:\\codely\\www\\index.php on line 26
[Mon Feb 10 11:25:24.225468 2025] [php:warn] [pid 15212:tid 1956] [client ::1:62200] PHP Warning:  Array to string conversion in A:\\codely\\www\\index.php on line 26, referer: http://codely.test/admin/products/show/12/54/blabla?id=12
[Mon Feb 10 11:25:24.639378 2025] [php:warn] [pid 15212:tid 1956] [client ::1:62200] PHP Warning:  Array to string conversion in A:\\codely\\www\\index.php on line 26
[Mon Feb 10 11:25:24.729333 2025] [php:warn] [pid 15212:tid 1956] [client ::1:62200] PHP Warning:  Array to string conversion in A:\\codely\\www\\index.php on line 26, referer: http://codely.test/admin/products/show/12/54/blabla?id=12
[Mon Feb 10 11:25:24.815762 2025] [php:warn] [pid 15212:tid 1956] [client ::1:62200] PHP Warning:  Array to string conversion in A:\\codely\\www\\index.php on line 26
[Mon Feb 10 11:25:24.911973 2025] [php:warn] [pid 15212:tid 1956] [client ::1:62200] PHP Warning:  Array to string conversion in A:\\codely\\www\\index.php on line 26, referer: http://codely.test/admin/products/show/12/54/blabla?id=12
[Mon Feb 10 11:26:04.994312 2025] [php:warn] [pid 15212:tid 1952] [client ::1:62201] PHP Warning:  Array to string conversion in A:\\codely\\www\\index.php on line 26
[Mon Feb 10 11:26:05.104585 2025] [php:warn] [pid 15212:tid 1952] [client ::1:62201] PHP Warning:  Array to string conversion in A:\\codely\\www\\index.php on line 26, referer: http://codely.test/admin/products/show/12/54/blabla?id=12
[Mon Feb 10 11:26:05.904405 2025] [php:warn] [pid 15212:tid 1952] [client ::1:62201] PHP Warning:  Array to string conversion in A:\\codely\\www\\index.php on line 26
[Mon Feb 10 11:26:06.002834 2025] [php:warn] [pid 15212:tid 1952] [client ::1:62201] PHP Warning:  Array to string conversion in A:\\codely\\www\\index.php on line 26, referer: http://codely.test/admin/products/show/12/54/blabla?id=12
[Mon Feb 10 11:26:06.091857 2025] [php:warn] [pid 15212:tid 1952] [client ::1:62201] PHP Warning:  Array to string conversion in A:\\codely\\www\\index.php on line 26
[Mon Feb 10 11:26:06.173764 2025] [php:warn] [pid 15212:tid 1952] [client ::1:62201] PHP Warning:  Array to string conversion in A:\\codely\\www\\index.php on line 26, referer: http://codely.test/admin/products/show/12/54/blabla?id=12
[Mon Feb 10 11:27:58.640380 2025] [php:error] [pid 15212:tid 1952] [client ::1:62259] PHP Fatal error:  Uncaught Exception: The file does not exist. in A:\\codely\\lib\\init.php:22\nStack trace:\n#0 A:\\codely\\www\\index.php(31): {closure}('app')\n#1 {main}\n  thrown in A:\\codely\\lib\\init.php on line 22
[Mon Feb 10 11:27:58.801528 2025] [php:error] [pid 15212:tid 1952] [client ::1:62259] PHP Fatal error:  Uncaught Exception: The file does not exist. in A:\\codely\\lib\\init.php:22\nStack trace:\n#0 A:\\codely\\www\\index.php(31): {closure}('app')\n#1 {main}\n  thrown in A:\\codely\\lib\\init.php on line 22, referer: http://codely.test/admin/products/show/12/54/blabla?id=12
[Mon Feb 10 11:46:20.154836 2025] [php:error] [pid 15212:tid 1956] [client ::1:62645] PHP Fatal error:  Uncaught Error: Class "Favicon.icoController" not found in A:\\codely\\lib\\app.class.php:17\nStack trace:\n#0 A:\\codely\\www\\index.php(24): App->run('/favicon.ico')\n#1 {main}\n  thrown in A:\\codely\\lib\\app.class.php on line 17, referer: http://codely.test/pages/view/12/54/blabla?id=12
[Mon Feb 10 11:46:46.592252 2025] [php:error] [pid 15212:tid 1952] [client ::1:62644] PHP Fatal error:  Uncaught Error: Call to undefined method PagesController::blblblb() in A:\\codely\\lib\\app.class.php:18\nStack trace:\n#0 A:\\codely\\www\\index.php(24): App->run('/pages/blblblb/...')\n#1 {main}\n  thrown in A:\\codely\\lib\\app.class.php on line 18
[Mon Feb 10 11:46:46.715978 2025] [php:error] [pid 15212:tid 1952] [client ::1:62644] PHP Fatal error:  Uncaught Error: Class "Favicon.icoController" not found in A:\\codely\\lib\\app.class.php:17\nStack trace:\n#0 A:\\codely\\www\\index.php(24): App->run('/favicon.ico')\n#1 {main}\n  thrown in A:\\codely\\lib\\app.class.php on line 17, referer: http://codely.test/pages/blblblb/12/54/blabla?id=12
[Mon Feb 10 11:46:56.061294 2025] [php:error] [pid 15212:tid 1956] [client ::1:62666] PHP Fatal error:  Uncaught Error: Call to undefined method PagesController::12() in A:\\codely\\lib\\app.class.php:18\nStack trace:\n#0 A:\\codely\\www\\index.php(24): App->run('/pages/12/54/bl...')\n#1 {main}\n  thrown in A:\\codely\\lib\\app.class.php on line 18
[Mon Feb 10 11:46:56.184756 2025] [php:error] [pid 15212:tid 1956] [client ::1:62666] PHP Fatal error:  Uncaught Error: Class "Favicon.icoController" not found in A:\\codely\\lib\\app.class.php:17\nStack trace:\n#0 A:\\codely\\www\\index.php(24): App->run('/favicon.ico')\n#1 {main}\n  thrown in A:\\codely\\lib\\app.class.php on line 17, referer: http://codely.test/pages/12/54/blabla?id=12
[Mon Feb 10 11:46:58.126796 2025] [php:error] [pid 15212:tid 1956] [client ::1:62666] PHP Fatal error:  Uncaught Error: Call to undefined method PagesController::12() in A:\\codely\\lib\\app.class.php:18\nStack trace:\n#0 A:\\codely\\www\\index.php(24): App->run('/pages/12/54/bl...')\n#1 {main}\n  thrown in A:\\codely\\lib\\app.class.php on line 18
[Mon Feb 10 11:46:58.216797 2025] [php:error] [pid 15212:tid 1956] [client ::1:62666] PHP Fatal error:  Uncaught Error: Class "Favicon.icoController" not found in A:\\codely\\lib\\app.class.php:17\nStack trace:\n#0 A:\\codely\\www\\index.php(24): App->run('/favicon.ico')\n#1 {main}\n  thrown in A:\\codely\\lib\\app.class.php on line 17, referer: http://codely.test/pages/12/54/blabla?id=12
[Mon Feb 10 11:47:07.170285 2025] [php:error] [pid 15212:tid 1952] [client ::1:62671] PHP Fatal error:  Uncaught Error: Class "Favicon.icoController" not found in A:\\codely\\lib\\app.class.php:17\nStack trace:\n#0 A:\\codely\\www\\index.php(24): App->run('/favicon.ico')\n#1 {main}\n  thrown in A:\\codely\\lib\\app.class.php on line 17, referer: http://codely.test/pages/view/12/54/blabla?id=12
[Mon Feb 10 11:47:38.922701 2025] [php:error] [pid 15212:tid 1956] [client ::1:62672] PHP Fatal error:  Uncaught Error: Class "Favicon.icoController" not found in A:\\codely\\lib\\app.class.php:17\nStack trace:\n#0 A:\\codely\\www\\index.php(24): App->run('/favicon.ico')\n#1 {main}\n  thrown in A:\\codely\\lib\\app.class.php on line 17, referer: http://codely.test/pages/view/12/54/blabla?id=12
[Mon Feb 10 11:47:39.843032 2025] [php:error] [pid 15212:tid 1956] [client ::1:62672] PHP Fatal error:  Uncaught Error: Class "Favicon.icoController" not found in A:\\codely\\lib\\app.class.php:17\nStack trace:\n#0 A:\\codely\\www\\index.php(24): App->run('/favicon.ico')\n#1 {main}\n  thrown in A:\\codely\\lib\\app.class.php on line 17, referer: http://codely.test/pages/view/12/54/blabla?id=12
[Mon Feb 10 11:47:40.042740 2025] [php:error] [pid 15212:tid 1956] [client ::1:62672] PHP Fatal error:  Uncaught Error: Class "Favicon.icoController" not found in A:\\codely\\lib\\app.class.php:17\nStack trace:\n#0 A:\\codely\\www\\index.php(24): App->run('/favicon.ico')\n#1 {main}\n  thrown in A:\\codely\\lib\\app.class.php on line 17, referer: http://codely.test/pages/view/12/54/blabla?id=12
[Mon Feb 10 11:47:43.353473 2025] [php:error] [pid 15212:tid 1956] [client ::1:62672] PHP Fatal error:  Uncaught Error: Class "Favicon.icoController" not found in A:\\codely\\lib\\app.class.php:17\nStack trace:\n#0 A:\\codely\\www\\index.php(24): App->run('/favicon.ico')\n#1 {main}\n  thrown in A:\\codely\\lib\\app.class.php on line 17, referer: http://codely.test/pages/bll/12/54/blabla?id=12
[Mon Feb 10 11:48:14.097604 2025] [php:error] [pid 15212:tid 1952] [client ::1:62676] PHP Fatal error:  Uncaught Error: Class "Favicon.icoController" not found in A:\\codely\\lib\\app.class.php:17\nStack trace:\n#0 A:\\codely\\www\\index.php(24): App->run('/favicon.ico')\n#1 {main}\n  thrown in A:\\codely\\lib\\app.class.php on line 17, referer: http://codely.test/pages/12/54/blabla?id=12
[Mon Feb 10 11:48:23.537634 2025] [php:error] [pid 15212:tid 1956] [client ::1:62699] PHP Fatal error:  Uncaught Error: Class "Favicon.icoController" not found in A:\\codely\\lib\\app.class.php:17\nStack trace:\n#0 A:\\codely\\www\\index.php(24): App->run('/favicon.ico')\n#1 {main}\n  thrown in A:\\codely\\lib\\app.class.php on line 17, referer: http://codely.test/pages/
[Mon Feb 10 11:48:29.297446 2025] [php:error] [pid 15212:tid 1952] [client ::1:62703] PHP Fatal error:  Uncaught Error: Class "Favicon.icoController" not found in A:\\codely\\lib\\app.class.php:17\nStack trace:\n#0 A:\\codely\\www\\index.php(24): App->run('/favicon.ico')\n#1 {main}\n  thrown in A:\\codely\\lib\\app.class.php on line 17, referer: http://codely.test/
[Mon Feb 10 11:48:52.781077 2025] [php:error] [pid 15212:tid 1956] [client ::1:62707] PHP Fatal error:  Uncaught Error: Class "Favicon.icoController" not found in A:\\codely\\lib\\app.class.php:17\nStack trace:\n#0 A:\\codely\\www\\index.php(24): App->run('/favicon.ico')\n#1 {main}\n  thrown in A:\\codely\\lib\\app.class.php on line 17, referer: http://codely.test/pages
[Mon Feb 10 11:50:04.226166 2025] [php:error] [pid 15212:tid 1952] [client ::1:62721] PHP Fatal error:  Uncaught Error: Class "Favicon.icoController" not found in A:\\codely\\lib\\app.class.php:17\nStack trace:\n#0 A:\\codely\\www\\index.php(24): App->run('/favicon.ico')\n#1 {main}\n  thrown in A:\\codely\\lib\\app.class.php on line 17, referer: http://codely.test/pages
[Mon Feb 10 11:50:23.527638 2025] [php:error] [pid 15212:tid 1956] [client ::1:62722] PHP Fatal error:  Uncaught Error: Class "Favicon.icoController" not found in A:\\codely\\lib\\app.class.php:17\nStack trace:\n#0 A:\\codely\\www\\index.php(24): App->run('/favicon.ico')\n#1 {main}\n  thrown in A:\\codely\\lib\\app.class.php on line 17, referer: http://codely.test/pages
[Mon Feb 10 11:50:24.420790 2025] [php:error] [pid 15212:tid 1956] [client ::1:62722] PHP Fatal error:  Uncaught Error: Class "Favicon.icoController" not found in A:\\codely\\lib\\app.class.php:17\nStack trace:\n#0 A:\\codely\\www\\index.php(24): App->run('/favicon.ico')\n#1 {main}\n  thrown in A:\\codely\\lib\\app.class.php on line 17, referer: http://codely.test/pages
[Mon Feb 10 11:50:24.574128 2025] [php:error] [pid 15212:tid 1956] [client ::1:62722] PHP Fatal error:  Uncaught Error: Class "Favicon.icoController" not found in A:\\codely\\lib\\app.class.php:17\nStack trace:\n#0 A:\\codely\\www\\index.php(24): App->run('/favicon.ico')\n#1 {main}\n  thrown in A:\\codely\\lib\\app.class.php on line 17, referer: http://codely.test/pages
[Mon Feb 10 11:52:32.178190 2025] [php:error] [pid 15212:tid 1952] [client ::1:62767] PHP Fatal error:  Uncaught Error: Class "Favicon.icoController" not found in A:\\codely\\lib\\app.class.php:17\nStack trace:\n#0 A:\\codely\\www\\index.php(24): App->run('/favicon.ico')\n#1 {main}\n  thrown in A:\\codely\\lib\\app.class.php on line 17, referer: http://codely.test/pages
[Mon Feb 10 11:53:08.386376 2025] [php:error] [pid 15212:tid 1956] [client ::1:62768] PHP Fatal error:  Uncaught Error: Class "Favicon.icoController" not found in A:\\codely\\lib\\app.class.php:17\nStack trace:\n#0 A:\\codely\\www\\index.php(24): App->run('/favicon.ico')\n#1 {main}\n  thrown in A:\\codely\\lib\\app.class.php on line 17, referer: http://codely.test/pages/service
[Mon Feb 10 11:53:12.547551 2025] [php:error] [pid 15212:tid 1956] [client ::1:62768] PHP Fatal error:  Uncaught Error: Class "Favicon.icoController" not found in A:\\codely\\lib\\app.class.php:17\nStack trace:\n#0 A:\\codely\\www\\index.php(24): App->run('/favicon.ico')\n#1 {main}\n  thrown in A:\\codely\\lib\\app.class.php on line 17, referer: http://codely.test/pages/services
[Mon Feb 10 11:53:14.195881 2025] [php:error] [pid 15212:tid 1956] [client ::1:62768] PHP Fatal error:  Uncaught Error: Class "Favicon.icoController" not found in A:\\codely\\lib\\app.class.php:17\nStack trace:\n#0 A:\\codely\\www\\index.php(24): App->run('/favicon.ico')\n#1 {main}\n  thrown in A:\\codely\\lib\\app.class.php on line 17, referer: http://codely.test/pages/services
[Mon Feb 10 11:53:40.534597 2025] [php:error] [pid 15212:tid 1952] [client ::1:62787] PHP Fatal error:  Uncaught Error: Class "Favicon.icoController" not found in A:\\codely\\lib\\app.class.php:17\nStack trace:\n#0 A:\\codely\\www\\index.php(24): App->run('/favicon.ico')\n#1 {main}\n  thrown in A:\\codely\\lib\\app.class.php on line 17, referer: http://codely.test/pages/view/services
[Mon Feb 10 11:54:04.406897 2025] [php:error] [pid 15212:tid 1952] [client ::1:62801] PHP Fatal error:  Uncaught Error: Class "Favicon.icoController" not found in A:\\codely\\lib\\app.class.php:17\nStack trace:\n#0 A:\\codely\\www\\index.php(24): App->run('/favicon.ico')\n#1 {main}\n  thrown in A:\\codely\\lib\\app.class.php on line 17, referer: http://codely.test/pages/view/services
[Mon Feb 10 11:54:07.065239 2025] [php:error] [pid 15212:tid 1952] [client ::1:62801] PHP Fatal error:  Uncaught Error: Class "Favicon.icoController" not found in A:\\codely\\lib\\app.class.php:17\nStack trace:\n#0 A:\\codely\\www\\index.php(24): App->run('/favicon.ico')\n#1 {main}\n  thrown in A:\\codely\\lib\\app.class.php on line 17, referer: http://codely.test/pages/view/services
[Mon Feb 10 11:54:07.215826 2025] [php:error] [pid 15212:tid 1952] [client ::1:62801] PHP Fatal error:  Uncaught Error: Class "Favicon.icoController" not found in A:\\codely\\lib\\app.class.php:17\nStack trace:\n#0 A:\\codely\\www\\index.php(24): App->run('/favicon.ico')\n#1 {main}\n  thrown in A:\\codely\\lib\\app.class.php on line 17, referer: http://codely.test/pages/view/services
[Mon Feb 10 11:54:19.957805 2025] [php:error] [pid 15212:tid 1956] [client ::1:62802] PHP Fatal error:  Uncaught Error: Class "Favicon.icoController" not found in A:\\codely\\lib\\app.class.php:17\nStack trace:\n#0 A:\\codely\\www\\index.php(24): App->run('/favicon.ico')\n#1 {main}\n  thrown in A:\\codely\\lib\\app.class.php on line 17, referer: http://codely.test/pages/
[Mon Feb 10 11:54:35.756782 2025] [php:error] [pid 15212:tid 1952] [client ::1:62819] PHP Fatal error:  Uncaught Error: Class "Favicon.icoController" not found in A:\\codely\\lib\\app.class.php:17\nStack trace:\n#0 A:\\codely\\www\\index.php(24): App->run('/favicon.ico')\n#1 {main}\n  thrown in A:\\codely\\lib\\app.class.php on line 17, referer: http://codely.test/pages/
